Arguments: 
  /home/mateus/.nvm/versions/node/v18.2.0/bin/node /usr/local/bin/yarn add tsc-node-dev

PATH: 
  /home/mateus/.nvm/versions/node/v18.2.0/bin:/home/mateus/.cargo/bin:/usr/local/sbin:/usr/local/bin:/usr/sbin:/usr/bin:/sbin:/bin:/usr/games:/usr/local/games:/snap/bin:/snap/bin

Yarn version: 
  1.22.18

Node version: 
  18.2.0

Platform: 
  linux x64

Trace: 
  Error: https://registry.yarnpkg.com/tsc-node-dev: Not found
      at params.callback [as _callback] (/usr/local/lib/node_modules/yarn/lib/cli.js:66138:18)
      at self.callback (/usr/local/lib/node_modules/yarn/lib/cli.js:140883:22)
      at Request.emit (node:events:527:28)
      at Request.<anonymous> (/usr/local/lib/node_modules/yarn/lib/cli.js:141855:10)
      at Request.emit (node:events:527:28)
      at IncomingMessage.<anonymous> (/usr/local/lib/node_modules/yarn/lib/cli.js:141777:12)
      at Object.onceWrapper (node:events:641:28)
      at IncomingMessage.emit (node:events:539:35)
      at endReadableNT (node:internal/streams/readable:1344:12)
      at process.processTicksAndRejections (node:internal/process/task_queues:82:21)

npm manifest: 
  {
    "name": "agape-server",
    "version": "1.0.0",
    "main": "index.js",
    "author": "Mateus Sponton <mateus.smarques.silva@gmail.com>",
    "license": "MIT"
  }

yarn manifest: 
  No manifest

Lockfile: 
  No lockfile
